0 info it worked if it ends with ok
1 verbose cli [ 'node', '/usr/local/bin/npm', 'install', 'modulus', '-g' ]
2 info using npm@1.4.28
3 info using node@v0.10.32
4 verbose cache add [ 'modulus', null ]
5 verbose cache add name=undefined spec="modulus" args=["modulus",null]
6 verbose parsed url { protocol: null,
6 verbose parsed url   slashes: null,
6 verbose parsed url   auth: null,
6 verbose parsed url   host: null,
6 verbose parsed url   port: null,
6 verbose parsed url   hostname: null,
6 verbose parsed url   hash: null,
6 verbose parsed url   search: null,
6 verbose parsed url   query: null,
6 verbose parsed url   pathname: 'modulus',
6 verbose parsed url   path: 'modulus',
6 verbose parsed url   href: 'modulus' }
7 silly lockFile 7b42c9a5-modulus modulus
8 verbose lock modulus /Users/suhas/.npm/7b42c9a5-modulus.lock
9 silly lockFile 7b42c9a5-modulus modulus
10 silly lockFile 7b42c9a5-modulus modulus
11 verbose addNamed [ 'modulus', '' ]
12 verbose addNamed [ null, '*' ]
13 silly lockFile f279123d-modulus modulus@
14 verbose lock modulus@ /Users/suhas/.npm/f279123d-modulus.lock
15 silly addNameRange { name: 'modulus', range: '*', hasData: false }
16 verbose registry.get https://registry.npmjs.org/modulus not expired, no request
17 silly addNameRange number 2 { name: 'modulus', range: '*', hasData: true }
18 silly addNameRange versions [ 'modulus',
18 silly addNameRange   [ '0.0.1',
18 silly addNameRange     '0.0.2',
18 silly addNameRange     '0.0.3',
18 silly addNameRange     '0.0.4',
18 silly addNameRange     '0.0.5',
18 silly addNameRange     '0.1.0',
18 silly addNameRange     '0.1.1',
18 silly addNameRange     '0.1.2',
18 silly addNameRange     '0.1.3',
18 silly addNameRange     '0.1.4',
18 silly addNameRange     '0.1.5',
18 silly addNameRange     '0.1.6',
18 silly addNameRange     '0.1.7',
18 silly addNameRange     '0.1.8',
18 silly addNameRange     '0.1.9',
18 silly addNameRange     '0.1.10',
18 silly addNameRange     '0.1.11',
18 silly addNameRange     '0.1.12',
18 silly addNameRange     '0.1.13',
18 silly addNameRange     '0.1.14',
18 silly addNameRange     '0.1.14-2',
18 silly addNameRange     '0.1.15',
18 silly addNameRange     '0.1.16',
18 silly addNameRange     '0.1.17',
18 silly addNameRange     '0.1.18',
18 silly addNameRange     '0.2.0',
18 silly addNameRange     '0.2.1',
18 silly addNameRange     '0.2.2',
18 silly addNameRange     '0.2.2-1',
18 silly addNameRange     '0.2.2-2',
18 silly addNameRange     '0.2.3',
18 silly addNameRange     '0.3.0',
18 silly addNameRange     '0.3.1',
18 silly addNameRange     '0.4.0',
18 silly addNameRange     '0.5.0',
18 silly addNameRange     '0.5.1',
18 silly addNameRange     '0.6.2',
18 silly addNameRange     '0.6.3',
18 silly addNameRange     '1.0.0',
18 silly addNameRange     '1.0.1',
18 silly addNameRange     '1.0.2',
18 silly addNameRange     '1.0.3',
18 silly addNameRange     '1.1.0',
18 silly addNameRange     '1.1.1',
18 silly addNameRange     '1.2.0',
18 silly addNameRange     '1.2.1',
18 silly addNameRange     '1.2.2' ] ]
19 verbose addNamed [ 'modulus', '1.2.2' ]
20 verbose addNamed [ '1.2.2', '1.2.2' ]
21 silly lockFile b4668fc8-modulus-1-2-2 modulus@1.2.2
22 verbose lock modulus@1.2.2 /Users/suhas/.npm/b4668fc8-modulus-1-2-2.lock
23 silly lockFile b4668fc8-modulus-1-2-2 modulus@1.2.2
24 silly lockFile b4668fc8-modulus-1-2-2 modulus@1.2.2
25 silly lockFile f279123d-modulus modulus@
26 silly lockFile f279123d-modulus modulus@
27 silly resolved [ { name: 'modulus',
27 silly resolved     description: 'The command line interface for deploying applications to the Modulus hosting platform.',
27 silly resolved     keywords:
27 silly resolved      [ 'cli',
27 silly resolved        'modulus',
27 silly resolved        'hosting',
27 silly resolved        'cloud hosting',
27 silly resolved        'paas',
27 silly resolved        'platform-as-a-service',
27 silly resolved        'deployment',
27 silly resolved        'deploy',
27 silly resolved        'command line',
27 silly resolved        'modulusio' ],
27 silly resolved     version: '1.2.2',
27 silly resolved     author: { name: 'Modulus', email: 'feedback@modulus.io' },
27 silly resolved     maintainers: [ [Object], [Object], [Object], [Object] ],
27 silly resolved     repository:
27 silly resolved      { type: 'git',
27 silly resolved        url: 'https://github.com/onmodulus/modulus-cli.git' },
27 silly resolved     licenses: [ [Object] ],
27 silly resolved     dependencies:
27 silly resolved      { archiver: '0.4.x',
27 silly resolved        async: '0.1.x',
27 silly resolved        colors: '0.6.x',
27 silly resolved        'commander-plus': '0.0.x',
27 silly resolved        demeteorizer: '1.0.1',
27 silly resolved        'find-file-sync': '0.0.2',
27 silly resolved        'fs-tools': '~0.2.10',
27 silly resolved        'fstream-ignore': '0.0.x',
27 silly resolved        'node-uuid': '1.3.3',
27 silly resolved        pkginfo: '0.2.x',
27 silly resolved        progress: '0.1.x',
27 silly resolved        prompt: '0.2.x',
27 silly resolved        request: '2.27.x',
27 silly resolved        split: '0.3.0',
27 silly resolved        through: '2.3.4',
27 silly resolved        underscore: '1.4.x',
27 silly resolved        'update-notifier': '~0.1.7' },
27 silly resolved     devDependencies: { mocha: '1.5.x', express: '3.0.x' },
27 silly resolved     main: './lib/modulus',
27 silly resolved     bin: { modulus: './bin/modulus' },
27 silly resolved     preferGlobal: true,
27 silly resolved     engines: { node: '>= 0.8.0' },
27 silly resolved     gitHead: '7e5bcfcd85a4eb045da064ce6a4af1565dbcea92',
27 silly resolved     bugs: { url: 'https://github.com/onmodulus/modulus-cli/issues' },
27 silly resolved     homepage: 'https://github.com/onmodulus/modulus-cli',
27 silly resolved     _id: 'modulus@1.2.2',
27 silly resolved     scripts: {},
27 silly resolved     _shasum: '3d29496dffeae845ce32bca7e6438a8d7eac18d8',
27 silly resolved     _from: 'modulus@',
27 silly resolved     _npmVersion: '1.4.27',
27 silly resolved     _npmUser: { name: 'fiveisprime', email: 'matt@modulus.io' },
27 silly resolved     dist:
27 silly resolved      { shasum: '3d29496dffeae845ce32bca7e6438a8d7eac18d8',
27 silly resolved        tarball: 'http://registry.npmjs.org/modulus/-/modulus-1.2.2.tgz' },
27 silly resolved     directories: {},
27 silly resolved     _resolved: 'https://registry.npmjs.org/modulus/-/modulus-1.2.2.tgz',
27 silly resolved     readme: 'ERROR: No README data found!' } ]
28 info install modulus@1.2.2 into /usr/local/lib
29 info installOne modulus@1.2.2
30 verbose lib/node_modules/modulus unbuild
31 verbose tar unpack /Users/suhas/.npm/modulus/1.2.2/package.tgz
32 silly lockFile c1af4ac7-r-local-lib-node-modules-modulus tar:///usr/local/lib/node_modules/modulus
33 verbose lock tar:///usr/local/lib/node_modules/modulus /Users/suhas/.npm/c1af4ac7-r-local-lib-node-modules-modulus.lock
34 silly lockFile ed65afe5-as-npm-modulus-1-2-2-package-tgz tar:///Users/suhas/.npm/modulus/1.2.2/package.tgz
35 verbose lock tar:///Users/suhas/.npm/modulus/1.2.2/package.tgz /Users/suhas/.npm/ed65afe5-as-npm-modulus-1-2-2-package-tgz.lock
36 silly gunzTarPerm modes [ '755', '644' ]
37 error Error: EACCES, mkdir '/usr/local/lib/node_modules/modulus'
37 error  { [Error: EACCES, mkdir '/usr/local/lib/node_modules/modulus']
37 error   errno: 3,
37 error   code: 'EACCES',
37 error   path: '/usr/local/lib/node_modules/modulus',
37 error   fstream_type: 'Directory',
37 error   fstream_path: '/usr/local/lib/node_modules/modulus',
37 error   fstream_class: 'DirWriter',
37 error   fstream_stack:
37 error    [ '/usr/local/lib/node_modules/npm/node_modules/fstream/lib/dir-writer.js:36:23',
37 error      '/usr/local/lib/node_modules/npm/node_modules/mkdirp/index.js:46:53',
37 error      'Object.oncomplete (fs.js:107:15)' ] }
38 error Please try running this command again as root/Administrator.
39 error System Darwin 13.4.0
40 error command "node" "/usr/local/bin/npm" "install" "modulus" "-g"
41 error cwd /Users/suhas/Documents/NILOA/Project Code/assignment-library
42 error node -v v0.10.32
43 error npm -v 1.4.28
44 error path /usr/local/lib/node_modules/modulus
45 error fstream_path /usr/local/lib/node_modules/modulus
46 error fstream_type Directory
47 error fstream_class DirWriter
48 error code EACCES
49 error errno 3
50 error stack Error: EACCES, mkdir '/usr/local/lib/node_modules/modulus'
51 error fstream_stack /usr/local/lib/node_modules/npm/node_modules/fstream/lib/dir-writer.js:36:23
51 error fstream_stack /usr/local/lib/node_modules/npm/node_modules/mkdirp/index.js:46:53
51 error fstream_stack Object.oncomplete (fs.js:107:15)
52 verbose exit [ 3, true ]
